<?xml version="1.0" encoding="UTF-8"?>
<testsuite name="com.afkl.travel.exercise.ControllerTests" tests="3" skipped="0" failures="0" errors="0" timestamp="2022-11-25T23:35:08" hostname="HNXZZH3-LAT5421" time="1.753">
  <properties/>
  <testcase name="retrieveDetailsForCourse" classname="com.afkl.travel.exercise.ControllerTests" time="1.164"/>
  <testcase name="retrieveDetailsForCourse2" classname="com.afkl.travel.exercise.ControllerTests" time="0.288"/>
  <testcase name="retrieveDetailsForCourse3" classname="com.afkl.travel.exercise.ControllerTests" time="0.298"/>
  <system-out><![CDATA[00:34:50.120 [Test worker] DEBUG org.springframework.test.context.junit4.SpringJUnit4ClassRunner - SpringJUnit4ClassRunner constructor called with [class com.afkl.travel.exercise.ControllerTests]
00:34:50.129 [Test worker] DEBUG org.springframework.test.context.BootstrapUtils - Instantiating CacheAwareContextLoaderDelegate from class [org.springframework.test.context.cache.DefaultCacheAwareContextLoaderDelegate]
00:34:50.136 [Test worker] DEBUG org.springframework.test.context.BootstrapUtils - Instantiating BootstrapContext using constructor [public org.springframework.test.context.support.DefaultBootstrapContext(java.lang.Class,org.springframework.test.context.CacheAwareContextLoaderDelegate)]
00:34:50.159 [Test worker] DEBUG org.springframework.test.context.BootstrapUtils - Instantiating TestContextBootstrapper for test class [com.afkl.travel.exercise.ControllerTests] from class [org.springframework.boot.test.context.SpringBootTestContextBootstrapper]
00:34:50.171 [Test worker] INFO org.springframework.boot.test.context.SpringBootTestContextBootstrapper - Neither @ContextConfiguration nor @ContextHierarchy found for test class [com.afkl.travel.exercise.ControllerTests], using SpringBootContextLoader
00:34:50.175 [Test worker] DEBUG org.springframework.test.context.support.AbstractContextLoader - Did not detect default resource location for test class [com.afkl.travel.exercise.ControllerTests]: class path resource [com/afkl/travel/exercise/ControllerTests-context.xml] does not exist
00:34:50.176 [Test worker] DEBUG org.springframework.test.context.support.AbstractContextLoader - Did not detect default resource location for test class [com.afkl.travel.exercise.ControllerTests]: class path resource [com/afkl/travel/exercise/ControllerTestsContext.groovy] does not exist
00:34:50.176 [Test worker] INFO org.springframework.test.context.support.AbstractContextLoader - Could not detect default resource locations for test class [com.afkl.travel.exercise.ControllerTests]: no resource found for suffixes {-context.xml, Context.groovy}.
00:34:50.177 [Test worker] INFO org.springframework.test.context.support.AnnotationConfigContextLoaderUtils - Could not detect default configuration classes for test class [com.afkl.travel.exercise.ControllerTests]: ControllerTests does not declare any static, non-private, non-final, nested classes annotated with @Configuration.
00:34:50.320 [Test worker] DEBUG org.springframework.context.annotation.ClassPathScanningCandidateComponentProvider - Identified candidate component class: file [C:\Users\animesh.pradhan\Downloads\case-0.1.0\build\classes\java\main\com\afkl\travel\exercise\Application.class]
00:34:50.321 [Test worker] INFO org.springframework.boot.test.context.SpringBootTestContextBootstrapper - Found @SpringBootConfiguration com.afkl.travel.exercise.Application for test class com.afkl.travel.exercise.ControllerTests
00:34:50.417 [Test worker] DEBUG org.springframework.boot.test.context.SpringBootTestContextBootstrapper - @TestExecutionListeners is not present for class [com.afkl.travel.exercise.ControllerTests]: using defaults.
00:34:50.417 [Test worker] INFO org.springframework.boot.test.context.SpringBootTestContextBootstrapper - Loaded default TestExecutionListener class names from location [META-INF/spring.factories]: [org.springframework.boot.test.autoconfigure.restdocs.RestDocsTestExecutionListener, org.springframework.boot.test.autoconfigure.web.client.MockRestServiceServerResetTestExecutionListener, org.springframework.boot.test.autoconfigure.web.servlet.MockMvcPrintOnlyOnFailureTestExecutionListener, org.springframework.boot.test.autoconfigure.web.servlet.WebDriverTestExecutionListener, org.springframework.boot.test.mock.mockito.MockitoTestExecutionListener, org.springframework.boot.test.mock.mockito.ResetMocksTestExecutionListener, org.springframework.test.context.web.ServletTestExecutionListener, org.springframework.test.context.support.DirtiesContextBeforeModesTestExecutionListener, org.springframework.test.context.support.DependencyInjectionTestExecutionListener, org.springframework.test.context.support.DirtiesContextTestExecutionListener, org.springframework.test.context.transaction.TransactionalTestExecutionListener, org.springframework.test.context.jdbc.SqlScriptsTestExecutionListener]
00:34:50.437 [Test worker] INFO org.springframework.boot.test.context.SpringBootTestContextBootstrapper - Using TestExecutionListeners: [org.springframework.test.context.web.ServletTestExecutionListener@2c04cb2a, org.springframework.test.context.support.DirtiesContextBeforeModesTestExecutionListener@610ad01f, org.springframework.boot.test.mock.mockito.MockitoTestExecutionListener@3a32d73f, org.springframework.boot.test.autoconfigure.SpringBootDependencyInjectionTestExecutionListener@22f41e68, org.springframework.test.context.support.DirtiesContextTestExecutionListener@2823dc87, org.springframework.test.context.transaction.TransactionalTestExecutionListener@1f9e6bb4, org.springframework.test.context.jdbc.SqlScriptsTestExecutionListener@33b9dc57, org.springframework.boot.test.autoconfigure.restdocs.RestDocsTestExecutionListener@313c8316, org.springframework.boot.test.autoconfigure.web.client.MockRestServiceServerResetTestExecutionListener@74db652, org.springframework.boot.test.autoconfigure.web.servlet.MockMvcPrintOnlyOnFailureTestExecutionListener@6be2bec4, org.springframework.boot.test.autoconfigure.web.servlet.WebDriverTestExecutionListener@16448c8b, org.springframework.boot.test.mock.mockito.ResetMocksTestExecutionListener@43358966]
00:34:50.439 [Test worker] DEBUG org.springframework.test.annotation.ProfileValueUtils - Retrieved @ProfileValueSourceConfiguration [null] for test class [com.afkl.travel.exercise.ControllerTests]
00:34:50.439 [Test worker] DEBUG org.springframework.test.annotation.ProfileValueUtils - Retrieved ProfileValueSource type [class org.springframework.test.annotation.SystemProfileValueSource] for class [com.afkl.travel.exercise.ControllerTests]
00:34:50.440 [Test worker] DEBUG org.springframework.test.annotation.ProfileValueUtils - Retrieved @ProfileValueSourceConfiguration [null] for test class [com.afkl.travel.exercise.ControllerTests]
00:34:50.440 [Test worker] DEBUG org.springframework.test.annotation.ProfileValueUtils - Retrieved ProfileValueSource type [class org.springframework.test.annotation.SystemProfileValueSource] for class [com.afkl.travel.exercise.ControllerTests]
00:34:50.444 [Test worker] DEBUG org.springframework.test.context.support.AbstractDirtiesContextTestExecutionListener - Before test class: context [DefaultTestContext@4f22e0bb testClass = ControllerTests, testInstance = [null], testMethod = [null], testException = [null], mergedContextConfiguration = [WebMergedContextConfiguration@d62be08 testClass = ControllerTests, locations = '{}', classes = '{class com.afkl.travel.exercise.Application}', contextInitializerClasses = '[]', activeProfiles = '{test}', propertySourceLocations = '{}', propertySourceProperties = '{org.springframework.boot.test.context.SpringBootTestContextBootstrapper=true}', contextCustomizers = set[org.springframework.boot.test.autoconfigure.properties.PropertyMappingContextCustomizer@e7e8512, org.springframework.boot.test.autoconfigure.web.servlet.WebDriverContextCustomizerFactory$Customizer@4e8a9c19, [ImportsContextCustomizer@5c049457 key = [org.springframework.boot.test.autoconfigure.web.servlet.MockMvcAutoConfiguration, org.springframework.boot.test.autoconfigure.web.servlet.MockMvcSecurityAutoConfiguration, org.springframework.boot.test.autoconfigure.web.servlet.MockMvcWebClientAutoConfiguration, org.springframework.boot.test.autoconfigure.web.servlet.MockMvcWebDriverAutoConfiguration]], org.springframework.boot.test.context.filter.ExcludeFilterContextCustomizer@a97a414, org.springframework.boot.test.json.DuplicateJsonObjectContextCustomizerFactory$DuplicateJsonObjectContextCustomizer@7d18d74f, org.springframework.boot.test.mock.mockito.MockitoContextCustomizer@1777f240, org.springframework.boot.test.web.client.TestRestTemplateContextCustomizer@488a6a5], resourceBasePath = 'src/main/webapp', contextLoader = 'org.springframework.boot.test.context.SpringBootContextLoader', parent = [null]], attributes = map['org.springframework.test.context.web.ServletTestExecutionListener.activateListener' -> true]], class annotated with @DirtiesContext [false] with mode [null].
00:34:50.445 [Test worker] DEBUG org.springframework.test.annotation.ProfileValueUtils - Retrieved @ProfileValueSourceConfiguration [null] for test class [com.afkl.travel.exercise.ControllerTests]
00:34:50.445 [Test worker] DEBUG org.springframework.test.annotation.ProfileValueUtils - Retrieved ProfileValueSource type [class org.springframework.test.annotation.SystemProfileValueSource] for class [com.afkl.travel.exercise.ControllerTests]
00:34:50.492 [Test worker] DEBUG org.springframework.test.context.support.TestPropertySourceUtils - Adding inlined properties to environment: {spring.jmx.enabled=false, org.springframework.boot.test.context.SpringBootTestContextBootstrapper=true, server.port=-1}
2022-11-26 00:34:51.732  INFO [-,,,]             46696 --- [    Test worker] trationDelegate$BeanPostProcessorChecker : Bean 'org.springframework.cloud.autoconfigure.ConfigurationPropertiesRebinderAutoConfiguration' of type [org.springframework.cloud.autoconfigure.ConfigurationPropertiesRebinderAutoConfiguration$$EnhancerBySpringCGLIB$$8edeaed7] is not eligible for getting processed by all BeanPostProcessors (for example: not eligible for auto-proxying)

  .   ____          _            __ _ _
 /\\ / ___'_ __ _ _(_)_ __  __ _ \ \ \ \
( ( )\___ | '_ | '_| | '_ \/ _` | \ \ \ \
 \\/  ___)| |_)| | | | | || (_| |  ) ) ) )
  '  |____| .__|_| |_|_| |_\__, | / / / /
 =========|_|==============|___/=/_/_/_/
 :: Spring Boot ::        (v2.1.4.RELEASE)

2022-11-26 00:34:52.329  INFO [-,,,]             46696 --- [    Test worker] c.afkl.travel.exercise.ControllerTests   : The following profiles are active: test
2022-11-26 00:34:53.321  INFO [-,,,]             46696 --- [    Test worker] .s.d.r.c.RepositoryConfigurationDelegate : Bootstrapping Spring Data repositories in DEFAULT mode.
2022-11-26 00:34:53.402  INFO [-,,,]             46696 --- [    Test worker] .s.d.r.c.RepositoryConfigurationDelegate : Finished Spring Data repository scanning in 72ms. Found 1 repository interfaces.
2022-11-26 00:34:53.882  INFO [-,,,]             46696 --- [    Test worker] o.s.cloud.context.scope.GenericScope     : BeanFactory id=5bacb518-99ad-377e-ad0c-aeb1f1f473fc
2022-11-26 00:34:54.699  INFO [-,,,]             46696 --- [    Test worker] trationDelegate$BeanPostProcessorChecker : Bean 'org.springframework.transaction.annotation.ProxyTransactionManagementConfiguration' of type [org.springframework.transaction.annotation.ProxyTransactionManagementConfiguration$$EnhancerBySpringCGLIB$$72c4abda] is not eligible for getting processed by all BeanPostProcessors (for example: not eligible for auto-proxying)
2022-11-26 00:34:54.774  INFO [-,,,]             46696 --- [    Test worker] trationDelegate$BeanPostProcessorChecker : Bean 'org.springframework.cloud.autoconfigure.ConfigurationPropertiesRebinderAutoConfiguration' of type [org.springframework.cloud.autoconfigure.ConfigurationPropertiesRebinderAutoConfiguration$$EnhancerBySpringCGLIB$$8edeaed7] is not eligible for getting processed by all BeanPostProcessors (for example: not eligible for auto-proxying)
2022-11-26 00:34:54.887  INFO [-,,,]             46696 --- [    Test worker] o.s.j.d.e.EmbeddedDatabaseFactory        : Starting embedded database: url='jdbc:h2:mem:travel-api;DB_CLOSE_DELAY=-1;DB_CLOSE_ON_EXIT=false', username='sa'
2022-11-26 00:34:56.074  INFO [-,,,]             46696 --- [    Test worker] o.hibernate.jpa.internal.util.LogHelper  : HHH000204: Processing PersistenceUnitInfo [
	name: default
	...]
2022-11-26 00:34:56.156  INFO [-,,,]             46696 --- [    Test worker] org.hibernate.Version                    : HHH000412: Hibernate Core {5.3.9.Final}
2022-11-26 00:34:56.157  INFO [-,,,]             46696 --- [    Test worker] org.hibernate.cfg.Environment            : HHH000206: hibernate.properties not found
2022-11-26 00:34:56.220  INFO [-,,,]             46696 --- [    Test worker] o.hibernate.annotations.common.Version   : HCANN000001: Hibernate Commons Annotations {5.0.4.Final}
2022-11-26 00:34:56.395  INFO [-,,,]             46696 --- [    Test worker] org.hibernate.dialect.Dialect            : HHH000400: Using dialect: org.hibernate.dialect.H2Dialect
2022-11-26 00:34:56.979  INFO [-,,,]             46696 --- [    Test worker] j.LocalContainerEntityManagerFactoryBean : Initialized JPA EntityManagerFactory for persistence unit 'default'
2022-11-26 00:34:58.759  INFO [-,,,]             46696 --- [    Test worker] o.s.s.web.DefaultSecurityFilterChain     : Creating filter chain: any request, [org.springframework.security.web.context.request.async.WebAsyncManagerIntegrationFilter@3fa9efc3, org.springframework.security.web.context.SecurityContextPersistenceFilter@4fb0e2cd, org.springframework.security.web.header.HeaderWriterFilter@c59fa18, org.springframework.security.web.authentication.logout.LogoutFilter@743c762a, org.springframework.security.web.authentication.www.BasicAuthenticationFilter@3e45eac2, org.springframework.security.web.savedrequest.RequestCacheAwareFilter@658caf1d, org.springframework.security.web.servletapi.SecurityContextHolderAwareRequestFilter@19354e68, org.springframework.security.web.authentication.AnonymousAuthenticationFilter@4ca600a7, org.springframework.security.web.session.SessionManagementFilter@51a879d, org.springframework.security.web.access.ExceptionTranslationFilter@242bb07d, org.springframework.security.web.access.intercept.FilterSecurityInterceptor@236c7fc7]
2022-11-26 00:35:00.199  INFO [-,,,]             46696 --- [    Test worker] o.h.h.i.QueryTranslatorFactoryInitiator  : HHH000397: Using ASTQueryTranslatorFactory
2022-11-26 00:35:00.489  INFO [-,,,]             46696 --- [    Test worker] o.s.s.concurrent.ThreadPoolTaskExecutor  : Initializing ExecutorService 'applicationTaskExecutor'
2022-11-26 00:35:00.787  WARN [-,,,]             46696 --- [    Test worker] aWebConfiguration$JpaWebMvcConfiguration : spring.jpa.open-in-view is enabled by default. Therefore, database queries may be performed during view rendering. Explicitly configure spring.jpa.open-in-view to disable this warning
2022-11-26 00:35:05.333  INFO [-,,,]             46696 --- [    Test worker] o.s.b.a.e.web.EndpointLinksResolver      : Exposing 3 endpoint(s) beneath base path '/actuator'
2022-11-26 00:35:06.130  INFO [-,,,]             46696 --- [    Test worker] o.s.b.t.m.w.SpringBootMockServletContext : Initializing Spring TestDispatcherServlet ''
2022-11-26 00:35:06.131  INFO [-,,,]             46696 --- [    Test worker] o.s.t.web.servlet.TestDispatcherServlet  : Initializing Servlet ''
2022-11-26 00:35:06.202  INFO [-,,,]             46696 --- [    Test worker] o.s.t.web.servlet.TestDispatcherServlet  : Completed initialization in 70 ms
2022-11-26 00:35:08.474  INFO [-,,,]             46696 --- [    Test worker] c.afkl.travel.exercise.ControllerTests   : Started ControllerTests in 17.972 seconds (JVM running for 19.632)
2022-11-26 00:35:09.491  INFO [-,a52863d44e484db8,a52863d44e484db8,false]             46696 --- [    Test worker] c.a.t.e.controller.LocationController    : Trace Id a52863d44e484db8 received request to retrieve location by type: city and code: BBA
org.springframework.mock.web.MockHttpServletResponse@5183f66a
org.springframework.mock.web.MockHttpServletResponse@6952e6cd
2022-11-26 00:35:10.275  INFO [-,f9642b3badfb7528,f9642b3badfb7528,false]             46696 --- [    Test worker] c.a.t.e.controller.LocationController    : Trace Id f9642b3badfb7528 received request to retrieve location by type: null and code: BBA
org.springframework.mock.web.MockHttpServletResponse@2a51aa4
]]></system-out>
  <system-err><![CDATA[]]></system-err>
</testsuite>
